test_set=wmt23 lang=en-zh domain=None level=seg human=False avg_by=item corr_fcn=KendallWithTiesOpt k=0 gold=da-sqm refs={'refA'} close_refs=set() use_outliers=False primary=True pval=0.05 block_size=1000 early_min=0.02 early_max=0.5 replace_nans_with_zeros=False perm_test=pairs corr_fcn_args={'sample_rate':1.0,'variant':'acc23'}
REMEDY-9b                  1  0.6022378  . > > > > > > > > > > > > > > > > > > > > > > > >
XCOMET-Ensemble            2  0.5961402  . . > > > > > > > > > > > > > > > > > > > > > > >
MetricX-23-QE[noref]       3  0.5940758  . . . > > > > > > > > > > > > > > > > > > > > > >
CometKiwi[noref]           4  0.5901639  . . . . > > > > > > > > > > > > > > > > > > > > >
COMET                      5  0.5890103  . . . . . > > > > > > > > > > > > > > > > > > > >
MetricX-23                 6  0.5879261  . . . . . . > > > > > > > > > > > > > > > > > > >
KG-BERTScore[noref]        7  0.5843005  . . . . . . . > > > > > > > > > > > > > > > > > >
mre-score-labse-regular    8  0.5770232  . . . . . . . . > > > > > > > > > > > > > > > > >
XCOMET-QE-Ensemble[noref]  9  0.5765288  . . . . . . . . . > > > > > > > > > > > > > > > >
cometoid22-wmt22[noref]   10  0.5738659  . . . . . . . . . . > > > > > > > > > > > > > > >
XLsim                     11  0.5719490  . . . . . . . . . . . > > > > > > > > > > > > > >
BLEURT-20                 12  0.5708041  . . . . . . . . . . . . > > > > > > > > > > > > >
MS-COMET-QE-22[noref]     13  0.5696158  . . . . . . . . . . . . . > > > > > > > > > > > >
YiSi-1                    14  0.5664672  . . . . . . . . . . . . . . > > > > > > > > > > >
prismRef                  15  0.5641686  . . . . . . . . . . . . . . . > > > > > > > > > >
BERTscore                 16  0.5629283  . . . . . . . . . . . . . . . . > > > > > > > > >
tokengram_F               17  0.5575072  . . . . . . . . . . . . . . . . . > > > > > > > >
chrF                      18  0.5503426  . . . . . . . . . . . . . . . . . . > > > > > > >
f200spBLEU                19  0.5471507  . . . . . . . . . . . . . . . . . . . > > > > > >
embed_llama               20  0.5417296  . . . . . . . . . . . . . . . . . . . . > > > > >
eBLEU                     21  0.5350941  . . . . . . . . . . . . . . . . . . . . . > > > >
prismSrc[noref]           22  0.5268020  . . . . . . . . . . . . . . . . . . . . . . > > >
Random-sysname[noref]     23  0.4620435  . . . . . . . . . . . . . . . . . . . . . . . > >
GEMBA-MQM[noref]          24  0.3847949  . . . . . . . . . . . . . . . . . . . . . . . . >
BLEU                      25  0.1407234  . . . . . . . . . . . . . . . . . . . . . . . . . 
