test_set=wmt23 lang=ja-en domain=None level=seg human=False avg_by=item corr_fcn=KendallWithTiesOpt k=0 gold=da-sqm refs={'refA'} close_refs=set() use_outliers=False primary=True pval=0.05 block_size=1000 early_min=0.02 early_max=0.5 replace_nans_with_zeros=False perm_test=pairs corr_fcn_args={'sample_rate':1.0,'variant':'acc23'}
REMEDY-9b                  1  0.5867844  . > > > > > > > > > > > > > > > > > > > > > > > > >
COMET                      2  0.5759848  . . > > > > > > > > > > > > > > > > > > > > > > > >
XCOMET-Ensemble            3  0.5739102  . . . > > > > > > > > > > > > > > > > > > > > > > >
MetricX-23                 4  0.5718290  . . . . > > > > > > > > > > > > > > > > > > > > > >
BLEURT-20                  5  0.5702797  . . . . . > > > > > > > > > > > > > > > > > > > > >
CometKiwi[noref]           6  0.5684480  . . . . . . > > > > > > > > > > > > > > > > > > > >
MetricX-23-QE[noref]       7  0.5668461  . . . . . . . > > > > > > > > > > > > > > > > > > >
KG-BERTScore[noref]        8  0.5612789  . . . . . . . . > > > > > > > > > > > > > > > > > >
YiSi-1                     9  0.5606158  . . . . . . . . . > > > > > > > > > > > > > > > > >
BERTscore                 10  0.5604254  . . . . . . . . . . > > > > > > > > > > > > > > > >
XCOMET-QE-Ensemble[noref] 11  0.5574449  . . . . . . . . . . . > > > > > > > > > > > > > > >
prismRef                  12  0.5569722  . . . . . . . . . . . . > > > > > > > > > > > > > >
XLsim                     13  0.5517529  . . . . . . . . . . . . . > > > > > > > > > > > > >
cometoid22-wmt22[noref]   14  0.5499147  . . . . . . . . . . . . . . > > > > > > > > > > > >
mre-score-labse-regular   15  0.5480830  . . . . . . . . . . . . . . . > > > > > > > > > > >
MS-COMET-QE-22[noref]     16  0.5479320  . . . . . . . . . . . . . . . . > > > > > > > > > >
tokengram_F               17  0.5462907  . . . . . . . . . . . . . . . . . > > > > > > > > >
chrF                      18  0.5446822  . . . . . . . . . . . . . . . . . . > > > > > > > >
eBLEU                     19  0.5299567  . . . . . . . . . . . . . . . . . . . > > > > > > >
f200spBLEU                20  0.5281775  . . . . . . . . . . . . . . . . . . . . > > > > > >
embed_llama               21  0.5235885  . . . . . . . . . . . . . . . . . . . . . > > > > >
BLEU                      22  0.5171022  . . . . . . . . . . . . . . . . . . . . . . > > > >
Random-sysname[noref]     23  0.4811647  . . . . . . . . . . . . . . . . . . . . . . . > > >
prismSrc[noref]           24  0.4698398  . . . . . . . . . . . . . . . . . . . . . . . . > >
GEMBA-MQM[noref]          25  0.3953388  . . . . . . . . . . . . . . . . . . . . . . . . . >
MaTESe                    26  0.3263065  . . . . . . . . . . . . . . . . . . . . . . . . . . 
