lang:                                                    cs-uk     cs-uk     en-cs     en-cs     en-es     en-es     en-hi     en-hi     en-is     en-is     en-ja     en-ja     en-ru     en-ru     en-uk     en-uk     en-zh     en-zh
level:                                                     Sys       Seg       Sys       Seg       Sys       Seg       Sys       Seg       Sys       Seg       Sys       Seg       Sys       Seg       Sys       Seg       Sys       Seg
corr_fcn:                                                  SPA    acc_eq       SPA    acc_eq       SPA    acc_eq       SPA    acc_eq       SPA    acc_eq       SPA    acc_eq       SPA    acc_eq       SPA    acc_eq       SPA    acc_eq
metric                                      Avg Corr     task1     task2     task3     task4     task5     task6     task7     task8     task9    task10    task11    task12    task13    task14    task15    task16    task17    task18
------------------------------------------  --------  --------  --------  --------  --------  --------  --------  --------  --------  --------  --------  --------  --------  --------  --------  --------  --------  --------  --------
MetricX-24-Hybrid                            1 0.714  12 0.883   2 0.483   4 0.887   1 0.582   4 0.798   6 0.685   1 0.954   1 0.571  12 0.848   3 0.661  12 0.793   1 0.557   6 0.920   2 0.536   3 0.880   5 0.443  11 0.808   1 0.568
metametrics_mt_mqm_hybrid_kendall            2 0.709  14 0.821   1 0.483   3 0.887   2 0.575   2 0.803   4 0.686   4 0.926   4 0.564  14 0.846   1 0.664  14 0.787   5 0.549   3 0.929   1 0.536   8 0.847   3 0.449   2 0.854   4 0.564
XCOMET                                       3 0.709  16 0.783   5 0.472   2 0.901   3 0.572   8 0.789   2 0.688   6 0.916   3 0.567  11 0.867   2 0.663  15 0.779   2 0.550   2 0.930   3 0.531   4 0.876   1 0.455   3 0.849   2 0.568
BLEURT-20                                    4 0.706   1 0.959   8 0.471   1 0.916   6 0.563  12 0.696  18 0.681   8 0.905   9 0.556   7 0.889  10 0.616   9 0.823   8 0.543   1 0.942   7 0.520  10 0.799   9 0.434   4 0.845  11 0.550
COMET-22                                     5 0.706   3 0.919   3 0.477   9 0.861   5 0.566  10 0.779  13 0.683   2 0.936  10 0.552   6 0.897   4 0.650  19 0.711   6 0.548   8 0.915   5 0.528   9 0.816   6 0.441   1 0.856   3 0.566
REMEDY-9b-sigmoid                            6 0.700   6 0.909   4 0.474   6 0.876   7 0.560   7 0.790   7 0.685  11 0.859  11 0.551  21 0.760   9 0.617  11 0.802   3 0.550   9 0.906   4 0.530   1 0.898   2 0.450   9 0.824   9 0.554
MetricX-24-Hybrid-QE[noref]                  7 0.698  15 0.789   9 0.463   7 0.875   4 0.568   6 0.792   8 0.685   3 0.935   2 0.568  16 0.835   6 0.637  13 0.787   4 0.550   7 0.916   6 0.526   5 0.867   7 0.439  12 0.778   5 0.558
XCOMET-QE[noref]                             8 0.695  19 0.698  15 0.453   5 0.877   8 0.560   3 0.801   3 0.687   5 0.918   7 0.558  15 0.837   5 0.643  16 0.763  12 0.537   4 0.928   8 0.513   2 0.884   4 0.448   5 0.841   6 0.557
PrismRefSmall                                9 0.678   7 0.906   7 0.471  12 0.804  10 0.548  16 0.632  23 0.680  17 0.834   8 0.556   1 0.954  12 0.614   5 0.850   7 0.545  11 0.843   9 0.509  16 0.732  18 0.408  17 0.760   8 0.555
PrismRefMedium                              10 0.677   2 0.925   6 0.472  13 0.796   9 0.549  15 0.650  21 0.680  15 0.840   5 0.561   3 0.921   8 0.617  10 0.823  10 0.542  15 0.829  10 0.507  15 0.734  15 0.414  16 0.763  10 0.554
YiSi-1                                      11 0.675   4 0.917  10 0.460  16 0.779  12 0.542  19 0.609  19 0.681  10 0.866  12 0.530   2 0.924   7 0.621   4 0.857   9 0.542  12 0.839  12 0.498  11 0.758  13 0.421  13 0.777  14 0.533
chrfS                                       12 0.664   9 0.896  11 0.458  18 0.761  14 0.534  23 0.549  16 0.682  12 0.852  14 0.528   9 0.883  13 0.612   1 0.894  11 0.541  14 0.834  13 0.493  17 0.722  14 0.416  15 0.765  16 0.529
chrF                                        13 0.664   8 0.902  14 0.454  15 0.779  15 0.530  22 0.582  25 0.680  13 0.851  16 0.523   5 0.900  11 0.615   3 0.865  15 0.528  10 0.858  15 0.486  12 0.744  17 0.412  19 0.713  17 0.522
sentinel-cand-mqm[noref]                    14 0.663  18 0.743  17 0.446  11 0.816  13 0.540   9 0.787  11 0.683  20 0.819  19 0.510  17 0.830  14 0.607  21 0.666  20 0.509   5 0.922  11 0.506   6 0.855   8 0.434  18 0.730  13 0.536
BERTScore                                   15 0.653  13 0.829  12 0.455  21 0.740  16 0.528  21 0.589  14 0.682  21 0.817  15 0.524  10 0.868  17 0.591   2 0.869  13 0.531  16 0.813  16 0.485  18 0.716  16 0.413  14 0.771  15 0.531
spBLEU                                      16 0.652   5 0.915  18 0.440  17 0.766  17 0.527  24 0.525  22 0.680  16 0.834  18 0.515   4 0.905  16 0.601   6 0.845  17 0.516  13 0.835  19 0.473  14 0.736  19 0.408  20 0.701  18 0.518
CometKiwi[noref]                            17 0.650  20 0.682  16 0.447  14 0.783  11 0.545  13 0.693   9 0.684   7 0.905   6 0.558  19 0.807  18 0.590  18 0.719  14 0.530  20 0.702  14 0.490  13 0.736  10 0.433   7 0.831   7 0.556
damonmonli                                  18 0.640  11 0.892  13 0.455  19 0.749  20 0.508  20 0.607  15 0.682   9 0.873  17 0.518  20 0.779  20 0.550   8 0.833  16 0.519  21 0.647  18 0.478  21 0.683  20 0.404   8 0.827  19 0.517
metametrics_mt_mqm_qe_kendall.seg.s[noref]  19 0.640  23 0.596  19 0.429  10 0.817  18 0.521  11 0.710   5 0.686  18 0.825  13 0.529  13 0.847  15 0.603  20 0.686  19 0.509  18 0.801  17 0.483  20 0.688  12 0.422  10 0.820  12 0.545
BLEU                                        20 0.638  10 0.894  20 0.415  20 0.741  19 0.513  25 0.514  24 0.680  19 0.823  20 0.500   8 0.889  19 0.567   7 0.845  18 0.514  17 0.807  20 0.460  19 0.714  21 0.402  21 0.697  20 0.517
gemba_esa[noref]                            21 0.618  17 0.777  22 0.332   8 0.862  22 0.409   1 0.840  12 0.683  14 0.843  22 0.388  18 0.827  22 0.463  17 0.754  22 0.370  19 0.750  22 0.372   7 0.850  11 0.422   6 0.833  22 0.355
XLsimMqm[noref]                             22 0.499  24 0.475  21 0.413  22 0.589  21 0.480  27 0.363  20 0.681  22 0.705  21 0.481  24 0.519  21 0.493  22 0.643  21 0.486  24 0.475  21 0.444  24 0.459  22 0.382  24 0.429  21 0.471
sentinel-ref-mqm                            23 0.390  21 0.622  23 0.176  23 0.580  23 0.070  17 0.612  26 0.680  23 0.685  23 0.046  23 0.661  23 0.059  23 0.632  23 0.034  23 0.610  23 0.137  22 0.565  23 0.278  23 0.540  23 0.025
sentinel-src-mqm[noref]                     24 0.389  22 0.622  24 0.176  24 0.580  24 0.070  18 0.611  27 0.680  24 0.684  24 0.046  22 0.662  24 0.059  24 0.632  24 0.034  22 0.611  24 0.137  23 0.563  24 0.278  22 0.540  24 0.025

