test_set=wmt23 lang=en-de domain=None level=seg human=False avg_by=item corr_fcn=KendallWithTiesOpt k=0 gold=mqm refs={'refA'} close_refs=set() use_outliers=False primary=True pval=0.05 block_size=1000 early_min=0.02 early_max=0.5 replace_nans_with_zeros=False perm_test=pairs corr_fcn_args={'sample_rate':1.0,'variant':'acc23'}
REMEDY-9b-sigmoid           1  0.6092227  . > > > > > > > > > > > > > > > > > > > > > > > > > > > > > > > >
XCOMET-Ensemble             2  0.6039855  . . > > > > > > > > > > > > > > > > > > > > > > > > > > > > > > >
MetricX-23                  3  0.6026021  . . . > > > > > > > > > > > > > > > > > > > > > > > > > > > > > >
MetricX-23-QE[noref]        4  0.5964427  . . . . > > > > > > > > > > > > > > > > > > > > > > > > > > > > >
XCOMET-QE-Ensemble[noref]   5  0.5882740  . . . . . > > > > > > > > > > > > > > > > > > > > > > > > > > > >
mbr-metricx-qe[noref]       6  0.5838603  . . . . . . > > > > > > > > > > > > > > > > > > > > > > > > > > >
cometoid22-wmt22[noref]     7  0.5777339  . . . . . . . > > > > > > > > > > > > > > > > > > > > > > > > > >
COMET                       8  0.5740119  . . . . . . . . > > > > > > > > > > > > > > > > > > > > > > > > >
BLEURT-20                   9  0.5721344  . . . . . . . . . > > > > > > > > > > > > > > > > > > > > > > > >
GEMBA-MQM[noref]           10  0.5720685  . . . . . . . . . . > > > > > > > > > > > > > > > > > > > > > > >
CometKiwi[noref]           11  0.5691700  . . . . . . . . . . . > > > > > > > > > > > > > > > > > > > > > >
sescoreX                   12  0.5631423  . . . . . . . . . . . . > > > > > > > > > > > > > > > > > > > > >
docWMT22CometDA            13  0.5587615  . . . . . . . . . . . . . > > > > > > > > > > > > > > > > > > > >
KG-BERTScore[noref]        14  0.5563900  . . . . . . . . . . . . . . > > > > > > > > > > > > > > > > > > >
docWMT22CometKiwiDA[noref] 15  0.5471673  . . . . . . . . . . . . . . . > > > > > > > > > > > > > > > > > >
MS-COMET-QE-22[noref]      16  0.5455204  . . . . . . . . . . . . . . . . > > > > > > > > > > > > > > > > >
YiSi-1                     17  0.5422266  . . . . . . . . . . . . . . . . . > > > > > > > > > > > > > > > >
mre-score-labse-regular    18  0.5301713  . . . . . . . . . . . . . . . . . . > > > > > > > > > > > > > > >
MEE4                       19  0.5292490  . . . . . . . . . . . . . . . . . . . > > > > > > > > > > > > > >
MaTESe                     20  0.5284585  . . . . . . . . . . . . . . . . . . . . > > > > > > > > > > > > >
BERTscore                  21  0.5280303  . . . . . . . . . . . . . . . . . . . . . > > > > > > > > > > > >
XLsim                      22  0.5272069  . . . . . . . . . . . . . . . . . . . . . . > > > > > > > > > > >
f200spBLEU                 23  0.5261528  . . . . . . . . . . . . . . . . . . . . . . . > > > > > > > > > >
Calibri-COMET22            24  0.5224308  . . . . . . . . . . . . . . . . . . . . . . . . > > > > > > > > >
tokengram_F                25  0.5201252  . . . . . . . . . . . . . . . . . . . . . . . . . > > > > > > > >
BLEU                       26  0.5195982  . . . . . . . . . . . . . . . . . . . . . . . . . . > > > > > > >
chrF                       27  0.5192358  . . . . . . . . . . . . . . . . . . . . . . . . . . . > > > > > >
prismRef                   28  0.5179513  . . . . . . . . . . . . . . . . . . . . . . . . . . . . > > > > >
eBLEU                      29  0.5122859  . . . . . . . . . . . . . . . . . . . . . . . . . . . . . > > > >
embed_llama                30  0.4833992  . . . . . . . . . . . . . . . . . . . . . . . . . . . . . . > > >
Calibri-COMET22-QE[noref]  31  0.4831686  . . . . . . . . . . . . . . . . . . . . . . . . . . . . . . . > >
prismSrc[noref]            32  0.4256917  . . . . . . . . . . . . . . . . . . . . . . . . . . . . . . . . >
Random-sysname[noref]      33  0.4087615  . . . . . . . . . . . . . . . . . . . . . . . . . . . . . . . . . 
