test_set=wmt23 lang=zh-en domain=None level=seg human=False avg_by=item corr_fcn=KendallWithTiesOpt k=0 gold=mqm refs={'refA'} close_refs=set() use_outliers=False primary=True pval=0.05 block_size=1000 early_min=0.02 early_max=0.5 replace_nans_with_zeros=False perm_test=pairs corr_fcn_args={'sample_rate':1.0,'variant':'acc23'}
REMEDY-9b                   1  0.5488287  . > > > > > > > > > > > > > > > > > > > > > > > > > > > > > > > >
XCOMET-Ensemble             2  0.5427196  . . > > > > > > > > > > > > > > > > > > > > > > > > > > > > > > >
mbr-metricx-qe[noref]       3  0.5369422  . . . > > > > > > > > > > > > > > > > > > > > > > > > > > > > > >
XCOMET-QE-Ensemble[noref]   4  0.5328074  . . . . > > > > > > > > > > > > > > > > > > > > > > > > > > > > >
MetricX-23                  5  0.5309382  . . . . . > > > > > > > > > > > > > > > > > > > > > > > > > > > >
MetricX-23-QE[noref]        6  0.5266497  . . . . . . > > > > > > > > > > > > > > > > > > > > > > > > > > >
CometKiwi[noref]            7  0.5245944  . . . . . . . > > > > > > > > > > > > > > > > > > > > > > > > > >
GEMBA-MQM[noref]            8  0.5216410  . . . . . . . . > > > > > > > > > > > > > > > > > > > > > > > > >
BLEURT-20                   9  0.5184205  . . . . . . . . . > > > > > > > > > > > > > > > > > > > > > > > >
KG-BERTScore[noref]        10  0.5164785  . . . . . . . . . . > > > > > > > > > > > > > > > > > > > > > > >
cometoid22-wmt22[noref]    11  0.5152405  . . . . . . . . . . . > > > > > > > > > > > > > > > > > > > > > >
COMET                      12  0.5136465  . . . . . . . . . . . . > > > > > > > > > > > > > > > > > > > > >
YiSi-1                     13  0.5041308  . . . . . . . . . . . . . > > > > > > > > > > > > > > > > > > > >
prismRef                   14  0.5038233  . . . . . . . . . . . . . . > > > > > > > > > > > > > > > > > > >
sescoreX                   15  0.4994862  . . . . . . . . . . . . . . . > > > > > > > > > > > > > > > > > >
BERTscore                  16  0.4991544  . . . . . . . . . . . . . . . . > > > > > > > > > > > > > > > > >
MS-COMET-QE-22[noref]      17  0.4981753  . . . . . . . . . . . . . . . . . > > > > > > > > > > > > > > > >
docWMT22CometKiwiDA[noref] 18  0.4929401  . . . . . . . . . . . . . . . . . . > > > > > > > > > > > > > > >
docWMT22CometDA            19  0.4926973  . . . . . . . . . . . . . . . . . . . > > > > > > > > > > > > > >
Calibri-COMET22-QE[noref]  20  0.4912813  . . . . . . . . . . . . . . . . . . . . > > > > > > > > > > > > >
chrF                       21  0.4849699  . . . . . . . . . . . . . . . . . . . . . > > > > > > > > > > > >
tokengram_F                22  0.4848809  . . . . . . . . . . . . . . . . . . . . . . > > > > > > > > > > >
mre-score-labse-regular    23  0.4809645  . . . . . . . . . . . . . . . . . . . . . . . > > > > > > > > > >
MEE4                       24  0.4796537  . . . . . . . . . . . . . . . . . . . . . . . . > > > > > > > > >
MaTESe                     25  0.4785128  . . . . . . . . . . . . . . . . . . . . . . . . . > > > > > > > >
f200spBLEU                 26  0.4763361  . . . . . . . . . . . . . . . . . . . . . . . . . . > > > > > > >
Calibri-COMET22            27  0.4735931  . . . . . . . . . . . . . . . . . . . . . . . . . . . > > > > > >
eBLEU                      28  0.4725169  . . . . . . . . . . . . . . . . . . . . . . . . . . . . > > > > >
BLEU                       29  0.4717725  . . . . . . . . . . . . . . . . . . . . . . . . . . . . . > > > >
XLsim                      30  0.4643039  . . . . . . . . . . . . . . . . . . . . . . . . . . . . . . > > >
embed_llama                31  0.4468827  . . . . . . . . . . . . . . . . . . . . . . . . . . . . . . . > >
prismSrc[noref]            32  0.4206255  . . . . . . . . . . . . . . . . . . . . . . . . . . . . . . . . >
Random-sysname[noref]      33  0.3808715  . . . . . . . . . . . . . . . . . . . . . . . . . . . . . . . . . 
