test_set=wmt22 lang=en-ru domain=None level=seg human=False avg_by=item corr_fcn=KendallWithTiesOpt k=0 gold=wmt-appraise refs={'refA'} close_refs=set() use_outliers=False primary=True pval=0.05 block_size=1000 early_min=0.02 early_max=0.5 replace_nans_with_zeros=False perm_test=pairs corr_fcn_args={'sample_rate':1.0,'variant':'acc23'}
COMET-22                  1  0.5628002  . > > > > > > > > > > > > > > > > > > > >
metricx_xxl_MQM_2020      2  0.5596686  . . > > > > > > > > > > > > > > > > > > >
MS-COMET-22               3  0.5567498  . . . > > > > > > > > > > > > > > > > > >
COMET-20                  4  0.5558680  . . . . > > > > > > > > > > > > > > > > >
COMETKiwi[noref]          5  0.5475524  . . . . . > > > > > > > > > > > > > > > >
COMET-QE[noref]           6  0.5453633  . . . . . . > > > > > > > > > > > > > > >
MS-COMET-QE-22[noref]     7  0.5410915  . . . . . . . > > > > > > > > > > > > > >
REMEDY-9b                 8  0.5279568  . . . . . . . . > > > > > > > > > > > > >
UniTE                     9  0.5242627  . . . . . . . . . > > > > > > > > > > > >
BERTScore                10  0.5093341  . . . . . . . . . . > > > > > > > > > > >
BLEURT-20                11  0.4994983  . . . . . . . . . . . > > > > > > > > > >
UniTE-src[noref]         12  0.4895713  . . . . . . . . . . . . > > > > > > > > >
HWTSC-Teacher-Sim[noref] 13  0.4848586  . . . . . . . . . . . . . > > > > > > > >
YiSi-1                   14  0.4838401  . . . . . . . . . . . . . . > > > > > > >
MEE4                     15  0.4758893  . . . . . . . . . . . . . . . > > > > > >
chrF                     16  0.4670873  . . . . . . . . . . . . . . . . > > > > >
f200spBLEU               17  0.4545911  . . . . . . . . . . . . . . . . . > > > >
BLEU                     18  0.4253116  . . . . . . . . . . . . . . . . . . > > >
REUSE[noref]             19  0.3966555  . . . . . . . . . . . . . . . . . . . > >
MATESE                   20  0.1315901  . . . . . . . . . . . . . . . . . . . . >
MATESE-QE[noref]         21  0.1043934  . . . . . . . . . . . . . . . . . . . . . 
