test_set=wmt22 lang=en-de domain=None level=seg human=False avg_by=item corr_fcn=KendallWithTiesOpt k=0 gold=mqm refs={'refA'} close_refs=set() use_outliers=False primary=True pval=0.05 block_size=1000 early_min=0.02 early_max=0.5 replace_nans_with_zeros=False perm_test=pairs corr_fcn_args={'sample_rate':1.0,'variant':'acc23'}
metricx_xxl_MQM_2020      1  0.6106074  . > > > > > > > > > > > > > > > > > > > > >
REMEDY-9b-sigmoid         2  0.6070488  . . > > > > > > > > > > > > > > > > > > > >
UniTE                     3  0.6061129  . . . > > > > > > > > > > > > > > > > > > >
COMET-22                  4  0.6018914  . . . . > > > > > > > > > > > > > > > > > >
UniTE-src[noref]          5  0.5897046  . . . . . > > > > > > > > > > > > > > > > >
MATESE                    6  0.5880082  . . . . . . > > > > > > > > > > > > > > > >
COMETKiwi[noref]          7  0.5826265  . . . . . . . > > > > > > > > > > > > > > >
MATESE-QE[noref]          8  0.5794189  . . . . . . . . > > > > > > > > > > > > > >
BLEURT-20                 9  0.5745637  . . . . . . . . . > > > > > > > > > > > > >
MS-COMET-22              10  0.5739787  . . . . . . . . . . > > > > > > > > > > > >
COMET-20                 11  0.5710832  . . . . . . . . . . . > > > > > > > > > > >
COMET-QE[noref]          12  0.5631764  . . . . . . . . . . . . > > > > > > > > > >
SEScore                  13  0.5626499  . . . . . . . . . . . . . > > > > > > > > >
MS-COMET-QE-22[noref]    14  0.5593741  . . . . . . . . . . . . . . > > > > > > > >
HWTSC-Teacher-Sim[noref] 15  0.5547236  . . . . . . . . . . . . . . . > > > > > > >
MEE4                     16  0.5462026  . . . . . . . . . . . . . . . . > > > > > >
YiSi-1                   17  0.5426928  . . . . . . . . . . . . . . . . . > > > > >
BERTScore                18  0.5419323  . . . . . . . . . . . . . . . . . . > > > >
chrF                     19  0.5405967  . . . . . . . . . . . . . . . . . . . > > >
REUSE[noref]             20  0.5401384  . . . . . . . . . . . . . . . . . . . . > >
f200spBLEU               21  0.5398850  . . . . . . . . . . . . . . . . . . . . . >
BLEU                     22  0.5398752  . . . . . . . . . . . . . . . . . . . . . . 
