test_set=wmt23 lang=en-ja domain=None level=seg human=False avg_by=item corr_fcn=KendallWithTiesOpt k=0 gold=da-sqm refs={'refA'} close_refs=set() use_outliers=False primary=True pval=0.05 block_size=1000 early_min=0.02 early_max=0.5 replace_nans_with_zeros=False perm_test=pairs corr_fcn_args={'sample_rate':1.0,'variant':'acc23'}
REMEDY-9b-sigmoid          1  0.5937386  . > > > > > > > > > > > > > > > > > > > > > > > >
CometKiwi[noref]           2  0.5875531  . . > > > > > > > > > > > > > > > > > > > > > > >
XCOMET-Ensemble            3  0.5862629  . . . > > > > > > > > > > > > > > > > > > > > > >
KG-BERTScore[noref]        4  0.5834168  . . . . > > > > > > > > > > > > > > > > > > > > >
MetricX-23                 5  0.5802216  . . . . . > > > > > > > > > > > > > > > > > > > >
MetricX-23-QE[noref]       6  0.5799939  . . . . . . > > > > > > > > > > > > > > > > > > >
COMET                      7  0.5799712  . . . . . . . > > > > > > > > > > > > > > > > > >
XCOMET-QE-Ensemble[noref]  8  0.5741727  . . . . . . . . > > > > > > > > > > > > > > > > >
cometoid22-wmt22[noref]    9  0.5689815  . . . . . . . . . > > > > > > > > > > > > > > > >
BLEURT-20                 10  0.5689587  . . . . . . . . . . > > > > > > > > > > > > > > >
mre-score-labse-regular   11  0.5659153  . . . . . . . . . . . > > > > > > > > > > > > > >
MS-COMET-QE-22[noref]     12  0.5654068  . . . . . . . . . . . . > > > > > > > > > > > > >
prismRef                  13  0.5613919  . . . . . . . . . . . . . > > > > > > > > > > > >
YiSi-1                    14  0.5613616  . . . . . . . . . . . . . . > > > > > > > > > > >
XLsim                     15  0.5566257  . . . . . . . . . . . . . . . > > > > > > > > > >
BERTscore                 16  0.5504781  . . . . . . . . . . . . . . . . > > > > > > > > >
tokengram_F               17  0.5478522  . . . . . . . . . . . . . . . . . > > > > > > > >
chrF                      18  0.5430631  . . . . . . . . . . . . . . . . . . > > > > > > >
prismSrc[noref]           19  0.5295917  . . . . . . . . . . . . . . . . . . . > > > > > >
embed_llama               20  0.5235808  . . . . . . . . . . . . . . . . . . . . > > > > >
f200spBLEU                21  0.5230798  . . . . . . . . . . . . . . . . . . . . . > > > >
eBLEU                     22  0.5222222  . . . . . . . . . . . . . . . . . . . . . . > > >
Random-sysname[noref]     23  0.4835458  . . . . . . . . . . . . . . . . . . . . . . . > >
GEMBA-MQM[noref]          24  0.3894581  . . . . . . . . . . . . . . . . . . . . . . . . >
BLEU                      25  0.0699529  . . . . . . . . . . . . . . . . . . . . . . . . . 
