test_set=wmt23 lang=he-en domain=None level=seg human=False avg_by=item corr_fcn=KendallWithTiesOpt k=0 gold=mqm refs={'refB'} close_refs=set() use_outliers=False primary=True pval=0.05 block_size=1000 early_min=0.02 early_max=0.5 replace_nans_with_zeros=False perm_test=pairs corr_fcn_args={'sample_rate':1.0,'variant':'acc23'}
REMEDY-9b-sigmoid           1  0.5927938  . > > > > > > > > > > > > > > > > > > > > > > > > > > > > > > > >
XCOMET-Ensemble             2  0.5844605  . . > > > > > > > > > > > > > > > > > > > > > > > > > > > > > > >
MetricX-23                  3  0.5737066  . . . > > > > > > > > > > > > > > > > > > > > > > > > > > > > > >
GEMBA-MQM[noref]            4  0.5625647  . . . . > > > > > > > > > > > > > > > > > > > > > > > > > > > > >
MetricX-23-QE[noref]        5  0.5607169  . . . . . > > > > > > > > > > > > > > > > > > > > > > > > > > > >
mbr-metricx-qe[noref]       6  0.5541574  . . . . . . > > > > > > > > > > > > > > > > > > > > > > > > > > >
XCOMET-QE-Ensemble[noref]   7  0.5524760  . . . . . . . > > > > > > > > > > > > > > > > > > > > > > > > > >
MaTESe                      8  0.5455285  . . . . . . . . > > > > > > > > > > > > > > > > > > > > > > > > >
CometKiwi[noref]            9  0.5433112  . . . . . . . . . > > > > > > > > > > > > > > > > > > > > > > > >
KG-BERTScore[noref]        10  0.5364006  . . . . . . . . . . > > > > > > > > > > > > > > > > > > > > > > >
YiSi-1                     11  0.5298596  . . . . . . . . . . . > > > > > > > > > > > > > > > > > > > > > >
COMET                      12  0.5295085  . . . . . . . . . . . . > > > > > > > > > > > > > > > > > > > > >
prismRef                   13  0.5280488  . . . . . . . . . . . . . > > > > > > > > > > > > > > > > > > > >
BLEURT-20                  14  0.5174242  . . . . . . . . . . . . . . > > > > > > > > > > > > > > > > > > >
mre-score-labse-regular    15  0.5169254  . . . . . . . . . . . . . . . > > > > > > > > > > > > > > > > > >
BERTscore                  16  0.5157243  . . . . . . . . . . . . . . . . > > > > > > > > > > > > > > > > >
cometoid22-wmt22[noref]    17  0.5134885  . . . . . . . . . . . . . . . . . > > > > > > > > > > > > > > > >
Calibri-COMET22            18  0.5127494  . . . . . . . . . . . . . . . . . . > > > > > > > > > > > > > > >
Calibri-COMET22-QE[noref]  19  0.5060976  . . . . . . . . . . . . . . . . . . . > > > > > > > > > > > > > >
MS-COMET-QE-22[noref]      20  0.4943829  . . . . . . . . . . . . . . . . . . . . > > > > > > > > > > > > >
docWMT22CometDA            21  0.4907797  . . . . . . . . . . . . . . . . . . . . . > > > > > > > > > > > >
docWMT22CometKiwiDA[noref] 22  0.4839061  . . . . . . . . . . . . . . . . . . . . . . > > > > > > > > > > >
sescoreX                   23  0.4833703  . . . . . . . . . . . . . . . . . . . . . . . > > > > > > > > > >
XLsim                      24  0.4791205  . . . . . . . . . . . . . . . . . . . . . . . . > > > > > > > > >
tokengram_F                25  0.4592572  . . . . . . . . . . . . . . . . . . . . . . . . . > > > > > > > >
chrF                       26  0.4575018  . . . . . . . . . . . . . . . . . . . . . . . . . . > > > > > > >
f200spBLEU                 27  0.4489468  . . . . . . . . . . . . . . . . . . . . . . . . . . . > > > > > >
prismSrc[noref]            28  0.4437731  . . . . . . . . . . . . . . . . . . . . . . . . . . . . > > > > >
eBLEU                      29  0.4432188  . . . . . . . . . . . . . . . . . . . . . . . . . . . . . > > > >
BLEU                       30  0.4421286  . . . . . . . . . . . . . . . . . . . . . . . . . . . . . . > > >
MEE4                       31  0.4375277  . . . . . . . . . . . . . . . . . . . . . . . . . . . . . . . > >
embed_llama                32  0.4294531  . . . . . . . . . . . . . . . . . . . . . . . . . . . . . . . . >
Random-sysname[noref]      33  0.4208426  . . . . . . . . . . . . . . . . . . . . . . . . . . . . . . . . . 
