test_set=wmt23 lang=en-de,he-en,zh-en domain=None level=sys human=False avg_by=none corr_fcn=accuracy k=1000 gold=['mqm','mqm','mqm'] refs=[{'refA'},{'refB'},{'refA'}] close_refs=[set(),set(),set()] use_outliers=False primary=True pval=0.05 block_size=5 early_min=0.02 early_max=0.5 replace_nans_with_zeros=False perm_test=scores corr_fcn_args={}
GEMBA-MQM[noref]            1  0.9451477  . > > = = > = > = > = = > > > = > > = = > > = > > > > > > > > > >
REMEDY-9b                   2  0.9451477  . . = = = = > > > > > = = > > > = = = > = > > > > > > > > > > > >
XCOMET-Ensemble             2  0.9282700  . . . = > = = = = > = = > = = = > > = = = > = > > > = = = > = > >
XCOMET-QE-Ensemble[noref]   2  0.9156118  . . . . = = = = = = = = = > = = = = = = = > = = > = > > = > = > >
CometKiwi[noref]            3  0.9113924  . . . . . = = = = = = = = > > = = = = = = = = = > = > > = > > > >
MetricX-23                  3  0.9071730  . . . . . . = = = = = = = = = = = = > = = = = = = > > > = > > > >
docWMT22CometKiwiDA[noref]  3  0.9071730  . . . . . . . = = = = = = > = = = > = > = = > = = > = = > = = > >
COMET                       3  0.9029536  . . . . . . . . = = = = = = = = > = = = = = > = = > > > = > > > >
Calibri-COMET22             3  0.9029536  . . . . . . . . . = = = = = = = > > = = > = = = = = = = = > = > >
MaTESe                      3  0.9029536  . . . . . . . . . . = = > = = = = = = = > > = = = = > > = > > > >
docWMT22CometDA             3  0.9029536  . . . . . . . . . . . = = = = = > = = > = > = = = > = > > > > > >
sescoreX                    3  0.8987342  . . . . . . . . . . . . = = = = = = = = = = = = > > > > = > > > >
BLEURT-20                   4  0.8945148  . . . . . . . . . . . . . = = = = = = = = = = = > > > > = > > > >
KG-BERTScore[noref]         4  0.8945148  . . . . . . . . . . . . . . = = = = = = > = = = = > = > = = > > >
MetricX-23-QE[noref]        4  0.8902954  . . . . . . . . . . . . . . . = = = = = = = = = = = = > = = = > >
mre-score-labse-regular     4  0.8860759  . . . . . . . . . . . . . . . . = = > = = = = = = = > = = > > > >
cometoid22-wmt22[noref]     4  0.8818565  . . . . . . . . . . . . . . . . . = = = = = = = = = = = = > > > >
mbr-metricx-qe[noref]       4  0.8818565  . . . . . . . . . . . . . . . . . . = = = = = = = = = > = = > > >
BERTscore                   5  0.8776371  . . . . . . . . . . . . . . . . . . . = = = = = = = = = = = > > >
YiSi-1                      5  0.8776371  . . . . . . . . . . . . . . . . . . . . = = > = = > = > = > > > >
Calibri-COMET22-QE[noref]   5  0.8734177  . . . . . . . . . . . . . . . . . . . . . = = = = > = = = = > > >
MS-COMET-QE-22[noref]       5  0.8691983  . . . . . . . . . . . . . . . . . . . . . . = = = = > = = = = > >
XLsim                       6  0.8607595  . . . . . . . . . . . . . . . . . . . . . . . = > = = = > > > > >
eBLEU                       6  0.8607595  . . . . . . . . . . . . . . . . . . . . . . . . = = > = = > > > >
prismRef                    7  0.8565401  . . . . . . . . . . . . . . . . . . . . . . . . . > = = = = = > >
BLEU                        8  0.8354430  . . . . . . . . . . . . . . . . . . . . . . . . . . = = = = = > >
f200spBLEU                  8  0.8354430  . . . . . . . . . . . . . . . . . . . . . . . . . . . = = = > > >
embed_llama                 8  0.8312236  . . . . . . . . . . . . . . . . . . . . . . . . . . . . = = > > >
MEE4                        8  0.8270042  . . . . . . . . . . . . . . . . . . . . . . . . . . . . . = = > >
tokengram_F                 8  0.8185654  . . . . . . . . . . . . . . . . . . . . . . . . . . . . . . = > >
chrF                        9  0.8059072  . . . . . . . . . . . . . . . . . . . . . . . . . . . . . . . > >
Random-sysname[noref]      10  0.5738397  . . . . . . . . . . . . . . . . . . . . . . . . . . . . . . . . >
prismSrc[noref]            11  0.4050633  . . . . . . . . . . . . . . . . . . . . . . . . . . . . . . . . . 
