test_set=wmt22 lang=zh-en domain=None level=seg human=False avg_by=item corr_fcn=KendallWithTiesOpt k=0 gold=mqm refs={'refA'} close_refs=set() use_outliers=False primary=True pval=0.05 block_size=1000 early_min=0.02 early_max=0.5 replace_nans_with_zeros=False perm_test=pairs corr_fcn_args={'sample_rate':1.0,'variant':'acc23'}
REMEDY-9b-sigmoid         1  0.5557216  . > > > > > > > > > > > > > > > > > > > > >
metricx_xxl_MQM_2020      2  0.5460747  . . > > > > > > > > > > > > > > > > > > > >
COMET-22                  3  0.5407824  . . . > > > > > > > > > > > > > > > > > > >
UniTE                     4  0.5215473  . . . . > > > > > > > > > > > > > > > > > >
COMETKiwi[noref]          5  0.5163956  . . . . . > > > > > > > > > > > > > > > > >
MATESE                    6  0.5152293  . . . . . . > > > > > > > > > > > > > > > >
UniTE-src[noref]          7  0.5147604  . . . . . . . > > > > > > > > > > > > > > >
MATESE-QE[noref]          8  0.5007883  . . . . . . . . > > > > > > > > > > > > > >
COMET-20                  9  0.4998916  . . . . . . . . . > > > > > > > > > > > > >
BLEURT-20                10  0.4972835  . . . . . . . . . . > > > > > > > > > > > >
MS-COMET-QE-22[noref]    11  0.4881700  . . . . . . . . . . . > > > > > > > > > > >
COMET-QE[noref]          12  0.4876601  . . . . . . . . . . . . > > > > > > > > > >
MS-COMET-22              13  0.4867692  . . . . . . . . . . . . . > > > > > > > > >
SEScore                  14  0.4794081  . . . . . . . . . . . . . . > > > > > > > >
YiSi-1                   15  0.4690462  . . . . . . . . . . . . . . . > > > > > > >
BERTScore                16  0.4690051  . . . . . . . . . . . . . . . . > > > > > >
HWTSC-Teacher-Sim[noref] 17  0.4469744  . . . . . . . . . . . . . . . . . > > > > >
MEE4                     18  0.4428073  . . . . . . . . . . . . . . . . . . > > > >
REUSE[noref]             19  0.4299018  . . . . . . . . . . . . . . . . . . . > > >
chrF                     20  0.4244689  . . . . . . . . . . . . . . . . . . . . > >
BLEU                     21  0.4223121  . . . . . . . . . . . . . . . . . . . . . >
f200spBLEU               22  0.4223062  . . . . . . . . . . . . . . . . . . . . . . 
