test_set=wmt22 lang=zh-en domain=None level=seg human=False avg_by=item corr_fcn=KendallWithTiesOpt k=0 gold=wmt-appraise refs={'refA'} close_refs=set() use_outliers=False primary=True pval=0.05 block_size=1000 early_min=0.02 early_max=0.5 replace_nans_with_zeros=False perm_test=pairs corr_fcn_args={'sample_rate':1.0,'variant':'acc23'}
COMET-22                  1  0.5294763  . > > > > > > > > > > > > > > > > > > > > >
REMEDY-9b-sigmoid         2  0.5244891  . . > > > > > > > > > > > > > > > > > > > >
COMET-20                  3  0.5237844  . . . > > > > > > > > > > > > > > > > > > >
metricx_xxl_MQM_2020      4  0.5229306  . . . . > > > > > > > > > > > > > > > > > >
SEScore                   5  0.5219954  . . . . . > > > > > > > > > > > > > > > > >
MS-COMET-QE-22[noref]     6  0.5210332  . . . . . . > > > > > > > > > > > > > > > >
MS-COMET-22               7  0.5207080  . . . . . . . > > > > > > > > > > > > > > >
COMETKiwi[noref]          8  0.5183499  . . . . . . . . > > > > > > > > > > > > > >
BERTScore                 9  0.5123868  . . . . . . . . . > > > > > > > > > > > > >
COMET-QE[noref]          10  0.5083076  . . . . . . . . . . > > > > > > > > > > > >
UniTE                    11  0.5050550  . . . . . . . . . . . > > > > > > > > > > >
BLEURT-20                12  0.5024936  . . . . . . . . . . . . > > > > > > > > > >
MEE4                     13  0.4976690  . . . . . . . . . . . . . > > > > > > > > >
UniTE-src[noref]         14  0.4975606  . . . . . . . . . . . . . . > > > > > > > >
YiSi-1                   15  0.4973844  . . . . . . . . . . . . . . . > > > > > > >
chrF                     16  0.4879655  . . . . . . . . . . . . . . . . > > > > > >
HWTSC-Teacher-Sim[noref] 17  0.4871795  . . . . . . . . . . . . . . . . . > > > > >
f200spBLEU               18  0.4777200  . . . . . . . . . . . . . . . . . . > > > >
BLEU                     19  0.4711335  . . . . . . . . . . . . . . . . . . . > > >
REUSE[noref]             20  0.4648452  . . . . . . . . . . . . . . . . . . . . > >
MATESE                   21  0.3169486  . . . . . . . . . . . . . . . . . . . . . >
MATESE-QE[noref]         22  0.3028541  . . . . . . . . . . . . . . . . . . . . . . 
