test_set=wmt23 lang=en-de,he-en,zh-en domain=None level=sys human=False avg_by=none corr_fcn=accuracy k=1000 gold=['mqm','mqm','mqm'] refs=[{'refA'},{'refB'},{'refA'}] close_refs=[set(),set(),set()] use_outliers=False primary=True pval=0.05 block_size=5 early_min=0.02 early_max=0.5 replace_nans_with_zeros=False perm_test=scores corr_fcn_args={}
GEMBA-MQM[noref]            1  0.9451477  . = = = = = > > > > = = = > > = > > > > = > = = > > > > > > > > >
REMEDY-9b-sigmoid           1  0.9409283  . . > = > = = > > = > = > > = = > > > > > > > = = > > > > > > > >
XCOMET-Ensemble             2  0.9282700  . . . > = = = = = = = > > = = = > = = = = = = = > > = = > = > > >
XCOMET-QE-Ensemble[noref]   3  0.9156118  . . . . > = = = = = = = = = = = > > = = = = > = = > = > = = = > >
CometKiwi[noref]            4  0.9113924  . . . . . = = = > = = > = = = = = > = = = = = = = = = > > = > > >
MetricX-23                  4  0.9071730  . . . . . . = = = = = = > > = = > = = = = = = = > > > > = > > > >
docWMT22CometKiwiDA[noref]  4  0.9071730  . . . . . . . = = = = = = = = = > = = = > = = = = = = = = = > > >
COMET                       4  0.9029536  . . . . . . . . = = = = = = = = > > > = = = = = > > > > > > > > >
Calibri-COMET22             5  0.9029536  . . . . . . . . . = = = = = > = = = > = = = = = = = = > = = = > >
MaTESe                      5  0.9029536  . . . . . . . . . . = = = = = = > = > = > > = = > > > = > = = > >
docWMT22CometDA             5  0.9029536  . . . . . . . . . . . = > = = = = = = = = = = > = > > > = > > > >
sescoreX                    5  0.8987342  . . . . . . . . . . . . = = = = = = = = = = = = = > = > = = > > >
BLEURT-20                   6  0.8945148  . . . . . . . . . . . . . = = = = > = = = = > = > > > = = = > > >
KG-BERTScore[noref]         6  0.8945148  . . . . . . . . . . . . . . = = = > = = > > > = = = > > > > = > >
MetricX-23-QE[noref]        6  0.8902954  . . . . . . . . . . . . . . . = = = = = = = = = = = = > = = > > >
mre-score-labse-regular     6  0.8860759  . . . . . . . . . . . . . . . . = = = = = = = = = = = > = = > > >
cometoid22-wmt22[noref]     6  0.8818565  . . . . . . . . . . . . . . . . . = = = = = > = = = = > = > > > >
mbr-metricx-qe[noref]       7  0.8818565  . . . . . . . . . . . . . . . . . . = > = = = = = = > = = = = > >
BERTscore                   7  0.8776371  . . . . . . . . . . . . . . . . . . . = = = = = = = = = = > = > >
YiSi-1                      8  0.8776371  . . . . . . . . . . . . . . . . . . . . = = = = = = > = = > > > >
Calibri-COMET22-QE[noref]   8  0.8734177  . . . . . . . . . . . . . . . . . . . . . = = = = > = = = = > > >
MS-COMET-QE-22[noref]       8  0.8691983  . . . . . . . . . . . . . . . . . . . . . . = = = = > > = = = > >
XLsim                       8  0.8607595  . . . . . . . . . . . . . . . . . . . . . . . = = > = = = > > > >
eBLEU                       8  0.8607595  . . . . . . . . . . . . . . . . . . . . . . . . = = = = > > > > >
prismRef                    8  0.8565401  . . . . . . . . . . . . . . . . . . . . . . . . . = = = = > = > >
BLEU                        9  0.8354430  . . . . . . . . . . . . . . . . . . . . . . . . . . = = = = = > >
f200spBLEU                  9  0.8354430  . . . . . . . . . . . . . . . . . . . . . . . . . . . = = = = > >
embed_llama                 9  0.8312236  . . . . . . . . . . . . . . . . . . . . . . . . . . . . = = = > >
MEE4                        9  0.8270042  . . . . . . . . . . . . . . . . . . . . . . . . . . . . . = = > >
tokengram_F                 9  0.8185654  . . . . . . . . . . . . . . . . . . . . . . . . . . . . . . = > >
chrF                        9  0.8059072  . . . . . . . . . . . . . . . . . . . . . . . . . . . . . . . > >
Random-sysname[noref]      10  0.5738397  . . . . . . . . . . . . . . . . . . . . . . . . . . . . . . . . >
prismSrc[noref]            11  0.4050633  . . . . . . . . . . . . . . . . . . . . . . . . . . . . . . . . . 
